<?xml version="1.0" encoding="UTF-8"?>
<testsuite name="TestSuite" time="76.827" tests="8" errors="0" skipped="6" failures="1">
  <properties>
    <property name="PROCESSOR_ARCHITECTURE" value="AMD64"/>
    <property name="file.encoding.pkg" value="sun.io"/>
    <property name="LOGONSERVER" value="\\PRANEETH"/>
    <property name="ProgramData" value="C:\ProgramData"/>
    <property name="java.home" value="C:\Program Files\Java\jdk1.8.0_151\jre"/>
    <property name="TITLE" value="Tomcat"/>
    <property name="NODE_NAME" value="master"/>
    <property name="JENKINS_URL" value="http://localhost:8080/jenkins/"/>
    <property name="CATALINA_HOME" value="D:\Praneeth\Tomcat\apache-tomcat-7.0.82-windows-x64\apache-tomcat-7.0.82"/>
    <property name="ALLUSERSPROFILE" value="C:\ProgramData"/>
    <property name="java.endorsed.dirs" value="C:\Program Files\Java\jdk1.8.0_151\jre\lib\endorsed"/>
    <property name="PSModulePath" value="C:\Windows\system32\WindowsPowerShell\v1.0\Modules\;C:\Program Files (x86)\AutoIt3\AutoItX"/>
    <property name="=::" value="::\"/>
    <property name="USERDOMAIN" value="Praneeth"/>
    <property name="sun.os.patch.level" value=""/>
    <property name="java.vendor.url" value="http://java.oracle.com/"/>
    <property name="JAVA_OPTS" value=" &quot;-Djdk.tls.ephemeralDHKeySize=2048&quot;"/>
    <property name="CommonProgramFiles(x86)" value="C:\Program Files (x86)\Common Files"/>
    <property name="java.version" value="1.8.0_151"/>
    <property name="JOB_NAME" value="Naveen_Jenkins_DataDriven"/>
    <property name="COMPUTERNAME" value="PRANEETH"/>
    <property name="EXECUTABLE" value="D:\Praneeth\Tomcat\apache-tomcat-7.0.82-windows-x64\apache-tomcat-7.0.82\bin\catalina.bat"/>
    <property name="java.vendor.url.bug" value="http://bugreport.sun.com/bugreport/"/>
    <property name="PUBLIC" value="C:\Users\Public"/>
    <property name="UOIPME_REG_PATH" value="C:\Program Files\Intel Corporation\USB over IP"/>
    <property name="user.name" value="praneethM"/>
    <property name="sun.io.unicode.encoding" value="UnicodeLittle"/>
    <property name="sun.jnu.encoding" value="Cp1252"/>
    <property name="java.runtime.name" value="Java(TM) SE Runtime Environment"/>
    <property name="windir" value="C:\Windows"/>
    <property name="PROCESSOR_IDENTIFIER" value="Intel64 Family 6 Model 69 Stepping 1, GenuineIntel"/>
    <property name="java.specification.name" value="Java Platform API Specification"/>
    <property name="LOCALAPPDATA" value="C:\Users\praneethM\AppData\Local"/>
    <property name="RUN_CHANGES_DISPLAY_URL" value="http://localhost:8080/jenkins/job/Naveen_Jenkins_DataDriven/1/display/redirect?page=changes"/>
    <property name="user.timezone" value="America/Chicago"/>
    <property name="user.script" value=""/>
    <property name="path.separator" value=";"/>
    <property name="NUMBER_OF_PROCESSORS" value="4"/>
    <property name="BUILD_TAG" value="jenkins-Naveen_Jenkins_DataDriven-1"/>
    <property name="file.encoding" value="Cp1252"/>
    <property name="sun.java.command" value="jenkins.maven3.agent.Maven35Main D:\Praneeth\apache-maven-3.5.2-bin\apache-maven-3.5.2 D:\Praneeth\Tomcat\apache-tomcat-7.0.82-windows-x64\apache-tomcat-7.0.82\webapps\jenkins\WEB-INF\lib\remoting-3.14.jar C:\Users\praneethM\.jenkins\plugins\maven-plugin\WEB-INF\lib\maven35-interceptor-1.12-alpha-1.jar C:\Users\praneethM\.jenkins\plugins\maven-plugin\WEB-INF\lib\maven3-interceptor-commons-1.12-alpha-1.jar 60429"/>
    <property name="HUDSON_URL" value="http://localhost:8080/jenkins/"/>
    <property name="JENKINS_SERVER_COOKIE" value="f4a4e9862f510791"/>
    <property name="=D:" value="D:\Praneeth\Tomcat\apache-tomcat-7.0.82-windows-x64\apache-tomcat-7.0.82\bin"/>
    <property name="EXECUTOR_NUMBER" value="1"/>
    <property name="Path" value="C:\Program Files\Java\jdk1.8.0_151/bin;C:\ProgramData\Oracle\Java\javapath;C:\Program Files (x86)\Intel\iCLS Client\;C:\Program Files\Intel\iCLS Client\;C:\Windows\system32;C:\Windows;C:\Windows\System32\Wbem;C:\Windows\System32\WindowsPowerShell\v1.0\;C:\Program Files\Intel\Intel(R) Management Engine Components\DAL;C:\Program Files (x86)\Intel\Intel(R) Management Engine Components\DAL;C:\Program Files\Intel\Intel(R) Management Engine Components\IPT;C:\Program Files (x86)\Intel\Intel(R) Management Engine Components\IPT;C:\Users\praneethM\Desktop\Praneeth\ApacheANT_XSLT Reports\apache-ant-1.10.1-bin\apache-ant-1.10.1\bin;C:\Program Files\Java\jdk1.8.0_151\bin;C:\Program Files\Git\cmd;C:\Program Files\Intel\WiFi\bin\;C:\Program Files\Common Files\Intel\WirelessCommon\;C:\Users\praneethM\Desktop\Praneeth\chromedriver.exe;C:\Program Files\nodejs\;D:\Praneeth\apache-maven-3.5.2-bin\apache-maven-3.5.2\bin;C:\Users\praneethM\AppData\Roaming\npm"/>
    <property name="java.io.tmpdir" value="C:\Users\PRANEE~1\AppData\Local\Temp\"/>
    <property name="APPDATA" value="C:\Users\praneethM\AppData\Roaming"/>
    <property name="user.language" value="en"/>
    <property name="CATALINA_TMPDIR" value="D:\Praneeth\Tomcat\apache-tomcat-7.0.82-windows-x64\apache-tomcat-7.0.82\temp"/>
    <property name="line.separator" value="&#10;"/>
    <property name="BUILD_URL" value="http://localhost:8080/jenkins/job/Naveen_Jenkins_DataDriven/1/"/>
    <property name="JAVA_ENDORSED_DIRS" value="D:\Praneeth\Tomcat\apache-tomcat-7.0.82-windows-x64\apache-tomcat-7.0.82\endorsed"/>
    <property name="ACTION" value="start"/>
    <property name="M2_HOME" value="D:\Praneeth\apache-maven-3.5.2-bin\apache-maven-3.5.2"/>
    <property name="java.vm.info" value="mixed mode"/>
    <property name="sun.desktop" value="windows"/>
    <property name="java.vm.specification.name" value="Java Virtual Machine Specification"/>
    <property name="BUILD_DISPLAY_NAME" value="#1"/>
    <property name="OS" value="Windows_NT"/>
    <property name="guice.disable.misplaced.annotation.check" value="true"/>
    <property name="CATALINA_BASE" value="D:\Praneeth\Tomcat\apache-tomcat-7.0.82-windows-x64\apache-tomcat-7.0.82"/>
    <property name="HUDSON_SERVER_COOKIE" value="f4a4e9862f510791"/>
    <property name="JRE_HOME" value="C:\Program Files\Java\jdk1.8.0_151"/>
    <property name="_EXECJAVA" value="start &quot;Tomcat&quot; &quot;C:\Program Files\Java\jdk1.8.0_151\bin\java.exe&quot;"/>
    <property name="_RUNJAVA" value="&quot;C:\Program Files\Java\jdk1.8.0_151\bin\java.exe&quot;"/>
    <property name="MAVEN_HOME" value="D:\Praneeth\apache-maven-3.5.2-bin\apache-maven-3.5.2"/>
    <property name="SESSIONNAME" value="Console"/>
    <property name="PATHEXT" value=".COM;.EXE;.BAT;.CMD;.VBS;.VBE;.JS;.JSE;.WSF;.WSH;.MSC;.PY"/>
    <property name="java.awt.printerjob" value="sun.awt.windows.WPrinterJob"/>
    <property name="maven3.interceptor.common" value="C:\Users\praneethM\.jenkins\plugins\maven-plugin\WEB-INF\lib\maven3-interceptor-commons-1.12-alpha-1.jar"/>
    <property name="CLASSPATH" value=""/>
    <property name="LOGGING_CONFIG" value="-Djava.util.logging.config.file=&quot;D:\Praneeth\Tomcat\apache-tomcat-7.0.82-windows-x64\apache-tomcat-7.0.82\conf\logging.properties&quot;"/>
    <property name="HOMEPATH" value="\Users\praneethM"/>
    <property name="os.name" value="Windows 8.1"/>
    <property name="java.specification.vendor" value="Oracle Corporation"/>
    <property name="FP_NO_HOST_CHECK" value="NO"/>
    <property name="java.vm.name" value="Java HotSpot(TM) 64-Bit Server VM"/>
    <property name="BUILD_NUMBER" value="1"/>
    <property name="maven3.interceptor" value="C:\Users\praneethM\.jenkins\plugins\maven-plugin\WEB-INF\lib\maven35-interceptor-1.12-alpha-1.jar"/>
    <property name="java.library.path" value="C:\Program Files\Java\jdk1.8.0_151\bin;C:\Windows\Sun\Java\bin;C:\Windows\system32;C:\Windows;D:\Praneeth\apache-maven-3.5.2-bin\apache-maven-3.5.2/bin;C:\Program Files\Java\jdk1.8.0_151/bin;C:\Program Files\Java\jdk1.8.0_151/bin;C:\ProgramData\Oracle\Java\javapath;C:\Program Files (x86)\Intel\iCLS Client\;C:\Program Files\Intel\iCLS Client\;C:\Windows\system32;C:\Windows;C:\Windows\System32\Wbem;C:\Windows\System32\WindowsPowerShell\v1.0\;C:\Program Files\Intel\Intel(R) Management Engine Components\DAL;C:\Program Files (x86)\Intel\Intel(R) Management Engine Components\DAL;C:\Program Files\Intel\Intel(R) Management Engine Components\IPT;C:\Program Files (x86)\Intel\Intel(R) Management Engine Components\IPT;C:\Users\praneethM\Desktop\Praneeth\ApacheANT_XSLT Reports\apache-ant-1.10.1-bin\apache-ant-1.10.1\bin;C:\Program Files\Java\jdk1.8.0_151\bin;C:\Program Files\Git\cmd;C:\Program Files\Intel\WiFi\bin\;C:\Program Files\Common Files\Intel\WirelessCommon\;C:\Users\praneethM\Desktop\Praneeth\chromedriver.exe;C:\Program Files\nodejs\;D:\Praneeth\apache-maven-3.5.2-bin\apache-maven-3.5.2\bin;C:\Users\praneethM\AppData\Roaming\npm;."/>
    <property name="HOMEDRIVE" value="C:"/>
    <property name="java.class.version" value="52.0"/>
    <property name="JSSE_OPTS" value="&quot;-Djdk.tls.ephemeralDHKeySize=2048&quot;"/>
    <property name="LOGGING_MANAGER" value="-Djava.util.logging.manager=org.apache.juli.ClassLoaderLogManager"/>
    <property name="_RUNJDB" value="&quot;C:\Program Files\Java\jdk1.8.0_151\bin\jdb.exe&quot;"/>
    <property name="JOB_URL" value="http://localhost:8080/jenkins/job/Naveen_Jenkins_DataDriven/"/>
    <property name="ANT_HOME" value="C:\Users\praneethM\Desktop\Praneeth\ApacheANT_XSLT Reports\apache-ant-1.10.1-bin\apache-ant-1.10.1"/>
    <property name="RUN_DISPLAY_URL" value="http://localhost:8080/jenkins/job/Naveen_Jenkins_DataDriven/1/display/redirect"/>
    <property name="MAINCLASS" value="org.apache.catalina.startup.Bootstrap"/>
    <property name="JENKINS_HOME" value="C:\Users\praneethM\.jenkins"/>
    <property name="BUILD_ID" value="1"/>
    <property name="TEMP" value="C:\Users\PRANEE~1\AppData\Local\Temp"/>
    <property name="sun.boot.library.path" value="C:\Program Files\Java\jdk1.8.0_151\jre\bin"/>
    <property name="sun.management.compiler" value="HotSpot 64-Bit Tiered Compilers"/>
    <property name="java.awt.graphicsenv" value="sun.awt.Win32GraphicsEnvironment"/>
    <property name="user.variant" value=""/>
    <property name="PROCESSOR_REVISION" value="4501"/>
    <property name="HUDSON_HOME" value="C:\Users\praneethM\.jenkins"/>
    <property name="ProgramFiles(x86)" value="C:\Program Files (x86)"/>
    <property name="PATH+MAVEN" value="D:\Praneeth\apache-maven-3.5.2-bin\apache-maven-3.5.2/bin"/>
    <property name="USERDOMAIN_ROAMINGPROFILE" value="Praneeth"/>
    <property name="SCITE_USERHOME" value="C:\Users\praneethM\AppData\Local\AutoIt v3\SciTE"/>
    <property name="PROMPT" value="$P$G"/>
    <property name="CURRENT_DIR" value="D:\Praneeth\Tomcat\apache-tomcat-7.0.82-windows-x64\apache-tomcat-7.0.82\bin"/>
    <property name="java.vm.specification.version" value="1.8"/>
    <property name="JAVA_HOME" value="C:\Program Files\Java\jdk1.8.0_151"/>
    <property name="awt.toolkit" value="sun.awt.windows.WToolkit"/>
    <property name="NODE_LABELS" value="master"/>
    <property name="sun.cpu.isalist" value="amd64"/>
    <property name="USERPROFILE" value="C:\Users\praneethM"/>
    <property name="JOB_DISPLAY_URL" value="http://localhost:8080/jenkins/job/Naveen_Jenkins_DataDriven/display/redirect"/>
    <property name="java.ext.dirs" value="C:\Program Files\Java\jdk1.8.0_151\jre\lib\ext;C:\Windows\Sun\Java\lib\ext"/>
    <property name="os.version" value="6.3"/>
    <property name="user.home" value="C:\Users\praneethM"/>
    <property name="USERNAME" value="praneethM"/>
    <property name="java.vm.vendor" value="Oracle Corporation"/>
    <property name="PROCESSOR_LEVEL" value="6"/>
    <property name="CommonProgramW6432" value="C:\Program Files\Common Files"/>
    <property name="user.dir" value="C:\Workspace\PageObjectModel"/>
    <property name="maven.conf" value="D:\Praneeth\apache-maven-3.5.2-bin\apache-maven-3.5.2\conf"/>
    <property name="ProgramW6432" value="C:\Program Files"/>
    <property name="TMP" value="C:\Users\PRANEE~1\AppData\Local\Temp"/>
    <property name="sun.cpu.endian" value="little"/>
    <property name="SystemDrive" value="C:"/>
    <property name="java.vm.version" value="25.151-b12"/>
    <property name="java.class.path" value="C:\Users\praneethM\.jenkins\plugins\maven-plugin\WEB-INF\lib\maven35-agent-1.12-alpha-1.jar;D:\Praneeth\apache-maven-3.5.2-bin\apache-maven-3.5.2\boot\plexus-classworlds-2.5.2.jar;D:\Praneeth\apache-maven-3.5.2-bin\apache-maven-3.5.2/conf/logging"/>
    <property name="org.slf4j.simpleLogger.defaultLogLevel" value="info"/>
    <property name="os.arch" value="amd64"/>
    <property name="WORKSPACE" value="C:\Users\praneethM\.jenkins\workspace\Naveen_Jenkins_DataDriven"/>
    <property name="ComSpec" value="C:\Windows\system32\cmd.exe"/>
    <property name="sun.java.launcher" value="SUN_STANDARD"/>
    <property name="SystemRoot" value="C:\Windows"/>
    <property name="CommonProgramFiles" value="C:\Program Files\Common Files"/>
    <property name="java.vm.specification.vendor" value="Oracle Corporation"/>
    <property name="file.separator" value="\"/>
    <property name="java.runtime.version" value="1.8.0_151-b12"/>
    <property name="ProgramFiles" value="C:\Program Files"/>
    <property name="sun.boot.class.path" value="C:\Program Files\Java\jdk1.8.0_151\jre\lib\resources.jar;C:\Program Files\Java\jdk1.8.0_151\jre\lib\rt.jar;C:\Program Files\Java\jdk1.8.0_151\jre\lib\sunrsasign.jar;C:\Program Files\Java\jdk1.8.0_151\jre\lib\jsse.jar;C:\Program Files\Java\jdk1.8.0_151\jre\lib\jce.jar;C:\Program Files\Java\jdk1.8.0_151\jre\lib\charsets.jar;C:\Program Files\Java\jdk1.8.0_151\jre\lib\jfr.jar;C:\Program Files\Java\jdk1.8.0_151\jre\classes"/>
    <property name="PATH+JDK" value="C:\Program Files\Java\jdk1.8.0_151/bin"/>
    <property name="user.country" value="US"/>
    <property name="maven.home" value="D:\Praneeth\apache-maven-3.5.2-bin\apache-maven-3.5.2"/>
    <property name="JOB_BASE_NAME" value="Naveen_Jenkins_DataDriven"/>
    <property name="java.vendor" value="Oracle Corporation"/>
    <property name="java.specification.version" value="1.8"/>
    <property name="sun.arch.data.model" value="64"/>
  </properties>
  <testcase name="loginPageTest" classname="com.crm.qa.testClasses.LoginPageTest" time="31.334"/>
  <testcase name="tearDown" classname="com.crm.qa.testClasses.LoginPageTest" time="45.493">
    <failure message="Error communicating with the remote browser. It may have died.&#10;Build info: version: &apos;3.6.0&apos;, revision: &apos;6fbf3ec767&apos;, time: &apos;2017-09-27T15:28:36.4Z&apos;&#10;System info: host: &apos;PRANEETH&apos;, ip: &apos;192.168.0.12&apos;, os.name: &apos;Windows 8.1&apos;, os.arch: &apos;amd64&apos;, os.version: &apos;6.3&apos;, java.version: &apos;1.8.0_151&apos;&#10;Driver info: driver.version: RemoteWebDriver&#10;Capabilities [{moz:profile=C:\Users\praneethM\AppData\Local\Temp\rust_mozprofile.ZhJXvsYA7hTI, rotatable=false, timeouts={implicit=0, pageLoad=300000, script=30000}, pageLoadStrategy=normal, moz:headless=false, platform=XP, specificationLevel=0, moz:accessibilityChecks=false, acceptInsecureCerts=true, browserVersion=56.0.2, platformVersion=6.3, moz:processID=9600, browserName=firefox, javascriptEnabled=true, platformName=XP}]&#10;Session ID: 9204b110-b539-4667-bb4a-9237aa286f87" type="org.openqa.selenium.remote.UnreachableBrowserException">org.openqa.selenium.remote.UnreachableBrowserException: Error communicating with the remote browser. It may have died.
Build info: version: '3.6.0', revision: '6fbf3ec767', time: '2017-09-27T15:28:36.4Z'
System info: host: 'PRANEETH', ip: '192.168.0.12', os.name: 'Windows 8.1', os.arch: 'amd64', os.version: '6.3', java.version: '1.8.0_151'
Driver info: driver.version: RemoteWebDriver
Capabilities [{moz:profile=C:\Users\praneethM\AppData\Local\Temp\rust_mozprofile.ZhJXvsYA7hTI, rotatable=false, timeouts={implicit=0, pageLoad=300000, script=30000}, pageLoadStrategy=normal, moz:headless=false, platform=XP, specificationLevel=0, moz:accessibilityChecks=false, acceptInsecureCerts=true, browserVersion=56.0.2, platformVersion=6.3, moz:processID=9600, browserName=firefox, javascriptEnabled=true, platformName=XP}]
Session ID: 9204b110-b539-4667-bb4a-9237aa286f87
	at java.util.concurrent.FutureTask.get(FutureTask.java:205)
	at com.google.common.util.concurrent.SimpleTimeLimiter.callWithTimeout(SimpleTimeLimiter.java:147)
	at org.openqa.selenium.net.UrlChecker.waitUntilUnavailable(UrlChecker.java:115)
	at org.openqa.selenium.remote.service.DriverService.stop(DriverService.java:213)
	at org.openqa.selenium.remote.service.DriverCommandExecutor.execute(DriverCommandExecutor.java:95)
	at org.openqa.selenium.remote.RemoteWebDriver.execute(RemoteWebDriver.java:586)
	at org.openqa.selenium.remote.RemoteWebDriver.execute(RemoteWebDriver.java:643)
	at org.openqa.selenium.remote.RemoteWebDriver.quit(RemoteWebDriver.java:482)
	at com.crm.qa.testClasses.LoginPageTest.tearDown(LoginPageTest.java:40)
</failure>
    <system-err><![CDATA[1515521586437	Marionette	INFO	New connections will no longer be accepted
]]></system-err>
  </testcase>
  <testcase name="setUp" classname="com.crm.qa.testClasses.LoginPageTest" time="0">
    <skipped/>
  </testcase>
  <testcase name="loginPageTest" classname="com.crm.qa.testClasses.LoginPageTest" time="0">
    <skipped/>
  </testcase>
  <testcase name="tearDown" classname="com.crm.qa.testClasses.LoginPageTest" time="0">
    <skipped/>
  </testcase>
  <testcase name="setUp" classname="com.crm.qa.testClasses.LoginPageTest" time="0">
    <skipped/>
  </testcase>
  <testcase name="loginPageTest" classname="com.crm.qa.testClasses.LoginPageTest" time="0">
    <skipped/>
  </testcase>
  <testcase name="tearDown" classname="com.crm.qa.testClasses.LoginPageTest" time="0">
    <skipped/>
  </testcase>
</testsuite>