<?xml version="1.0" encoding="UTF-8"?>
<!-- Generated by org.testng.reporters.JUnitReportReporter -->
<testsuite name="com.crm.qa.testClasses.LoginPageTest" tests="3" time="106.753" ignored="0" failures="0" timestamp="09 Jan 2018 18:20:14 GMT" skipped="0" hostname="Praneeth" errors="0">
  <testcase name="loginPageTest" time="24.747" classname="com.crm.qa.testClasses.LoginPageTest"/>
  <testcase name="loginPageTest" time="38.444" classname="com.crm.qa.testClasses.LoginPageTest"/>
  <testcase name="loginPageTest" time="43.562" classname="com.crm.qa.testClasses.LoginPageTest"/>
</testsuite> <!-- com.crm.qa.testClasses.LoginPageTest -->
