<?xml version="1.0" encoding="UTF-8"?>
<!-- Generated by org.testng.reporters.JUnitReportReporter -->
<testsuite name="com.testBase.GeckoDriver" tests="1" time="11.397" ignored="0" failures="0" timestamp="04 Jan 2018 22:48:33 GMT" skipped="0" hostname="Praneeth" errors="0">
  <testcase name="lounchBrowser" time="11.397" classname="com.testBase.GeckoDriver"/>
</testsuite> <!-- com.testBase.GeckoDriver -->
