<?xml version="1.0" encoding="UTF-8"?>
<!-- Generated by org.testng.reporters.JUnitReportReporter -->
<testsuite name="testNGPackage.GroupTest" tests="2" time="0.016" ignored="2" failures="0" timestamp="08 Jan 2018 19:16:06 GMT" skipped="0" hostname="Praneeth" errors="0">
  <testcase name="test1" time="0.016" classname="testNGPackage.GroupTest"/>
  <testcase name="test3" time="0.000" classname="testNGPackage.GroupTest"/>
  <testcase name="test2" classname="testNGPackage.GroupTest">
    <skipped/>
  </testcase> <!-- test2 -->
  <testcase name="test4" classname="testNGPackage.GroupTest">
    <skipped/>
  </testcase> <!-- test4 -->
</testsuite> <!-- testNGPackage.GroupTest -->
