<?xml version="1.0" encoding="UTF-8"?>
<!-- Generated by org.testng.reporters.JUnitReportReporter -->
<testsuite name="testNGPackage.ParametersTest" tests="1" time="11.865" ignored="1" failures="0" timestamp="08 Jan 2018 20:56:14 GMT" skipped="0" hostname="Praneeth" errors="0">
  <testcase name="test1" time="11.865" classname="testNGPackage.ParametersTest"/>
  <testcase name="test2" classname="testNGPackage.EnablesDisabled">
    <skipped/>
  </testcase> <!-- test2 -->
</testsuite> <!-- testNGPackage.ParametersTest -->
